2014-04-23 13:02:26,792 - Log4JLogChute initialized using file 'velocity.log'
2014-04-23 13:02:26,793 - Velocity was not initialized! Calling init()...
2014-04-23 13:02:26,793 - Starting Apache Velocity v1.5 (compiled: 2007-02-22 08:52:29)
2014-04-23 13:02:26,793 - Default Properties File: org/apache/velocity/runtime/defaults/velocity.properties
2014-04-23 13:02:26,793 - Trying to use logger class org.apache.velocity.runtime.log.AvalonLogChute
2014-04-23 13:02:26,793 - Couldn't find class org.apache.velocity.runtime.log.AvalonLogChute or necessary supporting classes in classpath.
java.lang.NoClassDefFoundError: org/apache/log/format/Formatter
	at java.lang.Class.forName0(Native Method)
	at java.lang.Class.forName(Class.java:270)
	at org.apache.velocity.util.ClassUtils.getClass(ClassUtils.java:63)
	at org.apache.velocity.util.ClassUtils.getNewInstance(ClassUtils.java:95)
	at org.apache.velocity.runtime.log.LogManager.createLogChute(LogManager.java:147)
	at org.apache.velocity.runtime.log.LogManager.updateLog(LogManager.java:208)
	at org.apache.velocity.runtime.RuntimeInstance.initializeLog(RuntimeInstance.java:728)
	at org.apache.velocity.runtime.RuntimeInstance.init(RuntimeInstance.java:240)
	at org.apache.velocity.runtime.RuntimeInstance.parse(RuntimeInstance.java:993)
	at org.apache.velocity.runtime.RuntimeInstance.parse(RuntimeInstance.java:972)
	at org.apache.velocity.runtime.RuntimeSingleton.parse(RuntimeSingleton.java:265)
	at org.apache.velocity.app.Velocity.evaluate(Velocity.java:274)
	at uk.commonline.weather.model.WeatherFormatter.format(WeatherFormatter.java:21)
	at uk.commonline.weather.model.yahoo.WeatherFormatterTest.testFormat(WeatherFormatterTest.java:23)
	at sun.reflect.NativeMethodAccessorImpl.invoke0(Native Method)
	at sun.reflect.NativeMethodAccessorImpl.invoke(NativeMethodAccessorImpl.java:57)
	at sun.reflect.DelegatingMethodAccessorImpl.invoke(DelegatingMethodAccessorImpl.java:43)
	at java.lang.reflect.Method.invoke(Method.java:606)
	at junit.framework.TestCase.runTest(TestCase.java:154)
	at junit.framework.TestCase.runBare(TestCase.java:127)
	at junit.framework.TestResult$1.protect(TestResult.java:106)
	at junit.framework.TestResult.runProtected(TestResult.java:124)
	at junit.framework.TestResult.run(TestResult.java:109)
	at junit.framework.TestCase.run(TestCase.java:118)
	at junit.framework.TestSuite.runTest(TestSuite.java:208)
	at junit.framework.TestSuite.run(TestSuite.java:203)
	at sun.reflect.NativeMethodAccessorImpl.invoke0(Native Method)
	at sun.reflect.NativeMethodAccessorImpl.invoke(NativeMethodAccessorImpl.java:57)
	at sun.reflect.DelegatingMethodAccessorImpl.invoke(DelegatingMethodAccessorImpl.java:43)
	at java.lang.reflect.Method.invoke(Method.java:606)
	at org.apache.maven.surefire.junit.JUnitTestSet.execute(JUnitTestSet.java:96)
	at org.apache.maven.surefire.junit.JUnit3Provider.executeTestSet(JUnit3Provider.java:117)
	at org.apache.maven.surefire.junit.JUnit3Provider.invoke(JUnit3Provider.java:94)
	at sun.reflect.NativeMethodAccessorImpl.invoke0(Native Method)
	at sun.reflect.NativeMethodAccessorImpl.invoke(NativeMethodAccessorImpl.java:57)
	at sun.reflect.DelegatingMethodAccessorImpl.invoke(DelegatingMethodAccessorImpl.java:43)
	at java.lang.reflect.Method.invoke(Method.java:606)
	at org.apache.maven.surefire.util.ReflectionUtils.invokeMethodWithArray(ReflectionUtils.java:164)
	at org.apache.maven.surefire.booter.ProviderFactory$ProviderProxy.invoke(ProviderFactory.java:110)
	at org.apache.maven.surefire.booter.SurefireStarter.invokeProvider(SurefireStarter.java:175)
	at org.apache.maven.surefire.booter.SurefireStarter.runSuitesInProcessWhenForked(SurefireStarter.java:107)
	at org.apache.maven.surefire.booter.ForkedBooter.main(ForkedBooter.java:68)
Caused by: java.lang.ClassNotFoundException: org.apache.log.format.Formatter
	at java.net.URLClassLoader$1.run(URLClassLoader.java:366)
	at java.net.URLClassLoader$1.run(URLClassLoader.java:355)
	at java.security.AccessController.doPrivileged(Native Method)
	at java.net.URLClassLoader.findClass(URLClassLoader.java:354)
	at java.lang.ClassLoader.loadClass(ClassLoader.java:425)
	at sun.misc.Launcher$AppClassLoader.loadClass(Launcher.java:308)
	at java.lang.ClassLoader.loadClass(ClassLoader.java:358)
	... 42 more
2014-04-23 13:02:26,796 - Trying to use logger class org.apache.velocity.runtime.log.Log4JLogChute
2014-04-23 13:02:26,796 - Using logger class org.apache.velocity.runtime.log.Log4JLogChute
2014-04-23 13:02:26,798 - Default ResourceManager initializing. (class org.apache.velocity.runtime.resource.ResourceManagerImpl)
2014-04-23 13:02:26,802 - ResourceLoader instantiated: org.apache.velocity.runtime.resource.loader.FileResourceLoader
2014-04-23 13:02:26,803 - Do unicode file recognition:  false
2014-04-23 13:02:26,803 - FileResourceLoader : adding path '.'
2014-04-23 13:02:26,814 - ResourceCache: initialized (class org.apache.velocity.runtime.resource.ResourceCacheImpl)
2014-04-23 13:02:26,815 - Loaded System Directive: org.apache.velocity.runtime.directive.Literal
2014-04-23 13:02:26,816 - Loaded System Directive: org.apache.velocity.runtime.directive.Macro
2014-04-23 13:02:26,817 - Loaded System Directive: org.apache.velocity.runtime.directive.Parse
2014-04-23 13:02:26,818 - Loaded System Directive: org.apache.velocity.runtime.directive.Include
2014-04-23 13:02:26,819 - Loaded System Directive: org.apache.velocity.runtime.directive.Foreach
2014-04-23 13:02:26,844 - Created '20' parsers.
2014-04-23 13:02:26,850 - Velocimacro : "velocimacro.library" is not set.  Trying default library: VM_global_library.vm
2014-04-23 13:02:26,851 - Velocimacro : Default library not found.
2014-04-23 13:02:26,851 - Velocimacro : allowInline = true : VMs can be defined inline in templates
2014-04-23 13:02:26,851 - Velocimacro : allowInlineToOverride = false : VMs defined inline may NOT replace previous VM definitions
2014-04-23 13:02:26,851 - Velocimacro : allowInlineLocal = false : VMs defined inline will be global in scope if allowed.
2014-04-23 13:02:26,851 - Velocimacro : autoload off : VM system will not automatically reload global library macros
2014-04-24 16:58:27,694 - Log4JLogChute initialized using file 'velocity.log'
2014-04-24 16:58:27,694 - Velocity was not initialized! Calling init()...
2014-04-24 16:58:27,694 - Starting Apache Velocity v1.5 (compiled: 2007-02-22 08:52:29)
2014-04-24 16:58:27,694 - Default Properties File: org/apache/velocity/runtime/defaults/velocity.properties
2014-04-24 16:58:27,694 - Trying to use logger class org.apache.velocity.runtime.log.AvalonLogChute
2014-04-24 16:58:27,696 - Couldn't find class org.apache.velocity.runtime.log.AvalonLogChute or necessary supporting classes in classpath.
java.lang.NoClassDefFoundError: org/apache/log/format/Formatter
	at java.lang.Class.forName0(Native Method)
	at java.lang.Class.forName(Class.java:270)
	at org.apache.velocity.util.ClassUtils.getClass(ClassUtils.java:63)
	at org.apache.velocity.util.ClassUtils.getNewInstance(ClassUtils.java:95)
	at org.apache.velocity.runtime.log.LogManager.createLogChute(LogManager.java:147)
	at org.apache.velocity.runtime.log.LogManager.updateLog(LogManager.java:208)
	at org.apache.velocity.runtime.RuntimeInstance.initializeLog(RuntimeInstance.java:728)
	at org.apache.velocity.runtime.RuntimeInstance.init(RuntimeInstance.java:240)
	at org.apache.velocity.runtime.RuntimeInstance.parse(RuntimeInstance.java:993)
	at org.apache.velocity.runtime.RuntimeInstance.parse(RuntimeInstance.java:972)
	at org.apache.velocity.runtime.RuntimeSingleton.parse(RuntimeSingleton.java:265)
	at org.apache.velocity.app.Velocity.evaluate(Velocity.java:274)
	at uk.commonline.weather.model.WeatherFormatter.format(WeatherFormatter.java:21)
	at uk.commonline.weather.model.yahoo.WeatherFormatterTest.testFormat(WeatherFormatterTest.java:23)
	at sun.reflect.NativeMethodAccessorImpl.invoke0(Native Method)
	at sun.reflect.NativeMethodAccessorImpl.invoke(NativeMethodAccessorImpl.java:57)
	at sun.reflect.DelegatingMethodAccessorImpl.invoke(DelegatingMethodAccessorImpl.java:43)
	at java.lang.reflect.Method.invoke(Method.java:606)
	at junit.framework.TestCase.runTest(TestCase.java:168)
	at junit.framework.TestCase.runBare(TestCase.java:134)
	at junit.framework.TestResult$1.protect(TestResult.java:110)
	at junit.framework.TestResult.runProtected(TestResult.java:128)
	at junit.framework.TestResult.run(TestResult.java:113)
	at junit.framework.TestCase.run(TestCase.java:124)
	at junit.framework.TestSuite.runTest(TestSuite.java:243)
	at junit.framework.TestSuite.run(TestSuite.java:238)
	at org.junit.internal.runners.JUnit38ClassRunner.run(JUnit38ClassRunner.java:83)
	at org.apache.maven.surefire.junit4.JUnit4TestSet.execute(JUnit4TestSet.java:53)
	at org.apache.maven.surefire.junit4.JUnit4Provider.executeTestSet(JUnit4Provider.java:123)
	at org.apache.maven.surefire.junit4.JUnit4Provider.invoke(JUnit4Provider.java:104)
	at sun.reflect.NativeMethodAccessorImpl.invoke0(Native Method)
	at sun.reflect.NativeMethodAccessorImpl.invoke(NativeMethodAccessorImpl.java:57)
	at sun.reflect.DelegatingMethodAccessorImpl.invoke(DelegatingMethodAccessorImpl.java:43)
	at java.lang.reflect.Method.invoke(Method.java:606)
	at org.apache.maven.surefire.util.ReflectionUtils.invokeMethodWithArray(ReflectionUtils.java:164)
	at org.apache.maven.surefire.booter.ProviderFactory$ProviderProxy.invoke(ProviderFactory.java:110)
	at org.apache.maven.surefire.booter.SurefireStarter.invokeProvider(SurefireStarter.java:175)
	at org.apache.maven.surefire.booter.SurefireStarter.runSuitesInProcessWhenForked(SurefireStarter.java:107)
	at org.apache.maven.surefire.booter.ForkedBooter.main(ForkedBooter.java:68)
Caused by: java.lang.ClassNotFoundException: org.apache.log.format.Formatter
	at java.net.URLClassLoader$1.run(URLClassLoader.java:366)
	at java.net.URLClassLoader$1.run(URLClassLoader.java:355)
	at java.security.AccessController.doPrivileged(Native Method)
	at java.net.URLClassLoader.findClass(URLClassLoader.java:354)
	at java.lang.ClassLoader.loadClass(ClassLoader.java:425)
	at sun.misc.Launcher$AppClassLoader.loadClass(Launcher.java:308)
	at java.lang.ClassLoader.loadClass(ClassLoader.java:358)
	... 39 more
2014-04-24 16:58:27,698 - Trying to use logger class org.apache.velocity.runtime.log.Log4JLogChute
2014-04-24 16:58:27,698 - Using logger class org.apache.velocity.runtime.log.Log4JLogChute
2014-04-24 16:58:27,702 - Default ResourceManager initializing. (class org.apache.velocity.runtime.resource.ResourceManagerImpl)
2014-04-24 16:58:27,706 - ResourceLoader instantiated: org.apache.velocity.runtime.resource.loader.FileResourceLoader
2014-04-24 16:58:27,708 - Do unicode file recognition:  false
2014-04-24 16:58:27,708 - FileResourceLoader : adding path '.'
2014-04-24 16:58:27,725 - ResourceCache: initialized (class org.apache.velocity.runtime.resource.ResourceCacheImpl)
2014-04-24 16:58:27,727 - Loaded System Directive: org.apache.velocity.runtime.directive.Literal
2014-04-24 16:58:27,729 - Loaded System Directive: org.apache.velocity.runtime.directive.Macro
2014-04-24 16:58:27,730 - Loaded System Directive: org.apache.velocity.runtime.directive.Parse
2014-04-24 16:58:27,733 - Loaded System Directive: org.apache.velocity.runtime.directive.Include
2014-04-24 16:58:27,734 - Loaded System Directive: org.apache.velocity.runtime.directive.Foreach
2014-04-24 16:58:27,787 - Created '20' parsers.
2014-04-24 16:58:27,794 - Velocimacro : "velocimacro.library" is not set.  Trying default library: VM_global_library.vm
2014-04-24 16:58:27,795 - Velocimacro : Default library not found.
2014-04-24 16:58:27,795 - Velocimacro : allowInline = true : VMs can be defined inline in templates
2014-04-24 16:58:27,795 - Velocimacro : allowInlineToOverride = false : VMs defined inline may NOT replace previous VM definitions
2014-04-24 16:58:27,795 - Velocimacro : allowInlineLocal = false : VMs defined inline will be global in scope if allowed.
2014-04-24 16:58:27,795 - Velocimacro : autoload off : VM system will not automatically reload global library macros
2014-04-24 16:59:25,650 - Log4JLogChute initialized using file 'velocity.log'
2014-04-24 16:59:25,650 - Velocity was not initialized! Calling init()...
2014-04-24 16:59:25,650 - Starting Apache Velocity v1.5 (compiled: 2007-02-22 08:52:29)
2014-04-24 16:59:25,650 - Default Properties File: org/apache/velocity/runtime/defaults/velocity.properties
2014-04-24 16:59:25,650 - Trying to use logger class org.apache.velocity.runtime.log.AvalonLogChute
2014-04-24 16:59:25,652 - Couldn't find class org.apache.velocity.runtime.log.AvalonLogChute or necessary supporting classes in classpath.
java.lang.NoClassDefFoundError: org/apache/log/format/Formatter
	at java.lang.Class.forName0(Native Method)
	at java.lang.Class.forName(Class.java:270)
	at org.apache.velocity.util.ClassUtils.getClass(ClassUtils.java:63)
	at org.apache.velocity.util.ClassUtils.getNewInstance(ClassUtils.java:95)
	at org.apache.velocity.runtime.log.LogManager.createLogChute(LogManager.java:147)
	at org.apache.velocity.runtime.log.LogManager.updateLog(LogManager.java:208)
	at org.apache.velocity.runtime.RuntimeInstance.initializeLog(RuntimeInstance.java:728)
	at org.apache.velocity.runtime.RuntimeInstance.init(RuntimeInstance.java:240)
	at org.apache.velocity.runtime.RuntimeInstance.parse(RuntimeInstance.java:993)
	at org.apache.velocity.runtime.RuntimeInstance.parse(RuntimeInstance.java:972)
	at org.apache.velocity.runtime.RuntimeSingleton.parse(RuntimeSingleton.java:265)
	at org.apache.velocity.app.Velocity.evaluate(Velocity.java:274)
	at uk.commonline.weather.model.WeatherFormatter.format(WeatherFormatter.java:21)
	at uk.commonline.weather.model.yahoo.WeatherFormatterTest.testFormat(WeatherFormatterTest.java:23)
	at sun.reflect.NativeMethodAccessorImpl.invoke0(Native Method)
	at sun.reflect.NativeMethodAccessorImpl.invoke(NativeMethodAccessorImpl.java:57)
	at sun.reflect.DelegatingMethodAccessorImpl.invoke(DelegatingMethodAccessorImpl.java:43)
	at java.lang.reflect.Method.invoke(Method.java:606)
	at junit.framework.TestCase.runTest(TestCase.java:168)
	at junit.framework.TestCase.runBare(TestCase.java:134)
	at junit.framework.TestResult$1.protect(TestResult.java:110)
	at junit.framework.TestResult.runProtected(TestResult.java:128)
	at junit.framework.TestResult.run(TestResult.java:113)
	at junit.framework.TestCase.run(TestCase.java:124)
	at junit.framework.TestSuite.runTest(TestSuite.java:243)
	at junit.framework.TestSuite.run(TestSuite.java:238)
	at org.junit.internal.runners.JUnit38ClassRunner.run(JUnit38ClassRunner.java:83)
	at org.apache.maven.surefire.junit4.JUnit4TestSet.execute(JUnit4TestSet.java:53)
	at org.apache.maven.surefire.junit4.JUnit4Provider.executeTestSet(JUnit4Provider.java:123)
	at org.apache.maven.surefire.junit4.JUnit4Provider.invoke(JUnit4Provider.java:104)
	at sun.reflect.NativeMethodAccessorImpl.invoke0(Native Method)
	at sun.reflect.NativeMethodAccessorImpl.invoke(NativeMethodAccessorImpl.java:57)
	at sun.reflect.DelegatingMethodAccessorImpl.invoke(DelegatingMethodAccessorImpl.java:43)
	at java.lang.reflect.Method.invoke(Method.java:606)
	at org.apache.maven.surefire.util.ReflectionUtils.invokeMethodWithArray(ReflectionUtils.java:164)
	at org.apache.maven.surefire.booter.ProviderFactory$ProviderProxy.invoke(ProviderFactory.java:110)
	at org.apache.maven.surefire.booter.SurefireStarter.invokeProvider(SurefireStarter.java:175)
	at org.apache.maven.surefire.booter.SurefireStarter.runSuitesInProcessWhenForked(SurefireStarter.java:107)
	at org.apache.maven.surefire.booter.ForkedBooter.main(ForkedBooter.java:68)
Caused by: java.lang.ClassNotFoundException: org.apache.log.format.Formatter
	at java.net.URLClassLoader$1.run(URLClassLoader.java:366)
	at java.net.URLClassLoader$1.run(URLClassLoader.java:355)
	at java.security.AccessController.doPrivileged(Native Method)
	at java.net.URLClassLoader.findClass(URLClassLoader.java:354)
	at java.lang.ClassLoader.loadClass(ClassLoader.java:425)
	at sun.misc.Launcher$AppClassLoader.loadClass(Launcher.java:308)
	at java.lang.ClassLoader.loadClass(ClassLoader.java:358)
	... 39 more
2014-04-24 16:59:25,654 - Trying to use logger class org.apache.velocity.runtime.log.Log4JLogChute
2014-04-24 16:59:25,654 - Using logger class org.apache.velocity.runtime.log.Log4JLogChute
2014-04-24 16:59:25,658 - Default ResourceManager initializing. (class org.apache.velocity.runtime.resource.ResourceManagerImpl)
2014-04-24 16:59:25,663 - ResourceLoader instantiated: org.apache.velocity.runtime.resource.loader.FileResourceLoader
2014-04-24 16:59:25,665 - Do unicode file recognition:  false
2014-04-24 16:59:25,665 - FileResourceLoader : adding path '.'
2014-04-24 16:59:25,683 - ResourceCache: initialized (class org.apache.velocity.runtime.resource.ResourceCacheImpl)
2014-04-24 16:59:25,684 - Loaded System Directive: org.apache.velocity.runtime.directive.Literal
2014-04-24 16:59:25,686 - Loaded System Directive: org.apache.velocity.runtime.directive.Macro
2014-04-24 16:59:25,688 - Loaded System Directive: org.apache.velocity.runtime.directive.Parse
2014-04-24 16:59:25,690 - Loaded System Directive: org.apache.velocity.runtime.directive.Include
2014-04-24 16:59:25,691 - Loaded System Directive: org.apache.velocity.runtime.directive.Foreach
2014-04-24 16:59:25,746 - Created '20' parsers.
2014-04-24 16:59:25,754 - Velocimacro : "velocimacro.library" is not set.  Trying default library: VM_global_library.vm
2014-04-24 16:59:25,755 - Velocimacro : Default library not found.
2014-04-24 16:59:25,755 - Velocimacro : allowInline = true : VMs can be defined inline in templates
2014-04-24 16:59:25,755 - Velocimacro : allowInlineToOverride = false : VMs defined inline may NOT replace previous VM definitions
2014-04-24 16:59:25,755 - Velocimacro : allowInlineLocal = false : VMs defined inline will be global in scope if allowed.
2014-04-24 16:59:25,755 - Velocimacro : autoload off : VM system will not automatically reload global library macros
2014-04-24 20:11:20,699 - Log4JLogChute initialized using file 'velocity.log'
2014-04-24 20:11:20,700 - Velocity was not initialized! Calling init()...
2014-04-24 20:11:20,700 - Starting Apache Velocity v1.5 (compiled: 2007-02-22 08:52:29)
2014-04-24 20:11:20,700 - Default Properties File: org/apache/velocity/runtime/defaults/velocity.properties
2014-04-24 20:11:20,700 - Trying to use logger class org.apache.velocity.runtime.log.AvalonLogChute
2014-04-24 20:11:20,702 - Couldn't find class org.apache.velocity.runtime.log.AvalonLogChute or necessary supporting classes in classpath.
java.lang.NoClassDefFoundError: org/apache/log/format/Formatter
	at java.lang.Class.forName0(Native Method)
	at java.lang.Class.forName(Class.java:270)
	at org.apache.velocity.util.ClassUtils.getClass(ClassUtils.java:63)
	at org.apache.velocity.util.ClassUtils.getNewInstance(ClassUtils.java:95)
	at org.apache.velocity.runtime.log.LogManager.createLogChute(LogManager.java:147)
	at org.apache.velocity.runtime.log.LogManager.updateLog(LogManager.java:208)
	at org.apache.velocity.runtime.RuntimeInstance.initializeLog(RuntimeInstance.java:728)
	at org.apache.velocity.runtime.RuntimeInstance.init(RuntimeInstance.java:240)
	at org.apache.velocity.runtime.RuntimeInstance.parse(RuntimeInstance.java:993)
	at org.apache.velocity.runtime.RuntimeInstance.parse(RuntimeInstance.java:972)
	at org.apache.velocity.runtime.RuntimeSingleton.parse(RuntimeSingleton.java:265)
	at org.apache.velocity.app.Velocity.evaluate(Velocity.java:274)
	at uk.commonline.weather.model.WeatherFormatter.format(WeatherFormatter.java:21)
	at uk.commonline.weather.model.yahoo.WeatherFormatterTest.testFormat(WeatherFormatterTest.java:23)
	at sun.reflect.NativeMethodAccessorImpl.invoke0(Native Method)
	at sun.reflect.NativeMethodAccessorImpl.invoke(NativeMethodAccessorImpl.java:57)
	at sun.reflect.DelegatingMethodAccessorImpl.invoke(DelegatingMethodAccessorImpl.java:43)
	at java.lang.reflect.Method.invoke(Method.java:606)
	at junit.framework.TestCase.runTest(TestCase.java:168)
	at junit.framework.TestCase.runBare(TestCase.java:134)
	at junit.framework.TestResult$1.protect(TestResult.java:110)
	at junit.framework.TestResult.runProtected(TestResult.java:128)
	at junit.framework.TestResult.run(TestResult.java:113)
	at junit.framework.TestCase.run(TestCase.java:124)
	at junit.framework.TestSuite.runTest(TestSuite.java:243)
	at junit.framework.TestSuite.run(TestSuite.java:238)
	at org.junit.internal.runners.JUnit38ClassRunner.run(JUnit38ClassRunner.java:83)
	at org.apache.maven.surefire.junit4.JUnit4TestSet.execute(JUnit4TestSet.java:53)
	at org.apache.maven.surefire.junit4.JUnit4Provider.executeTestSet(JUnit4Provider.java:123)
	at org.apache.maven.surefire.junit4.JUnit4Provider.invoke(JUnit4Provider.java:104)
	at sun.reflect.NativeMethodAccessorImpl.invoke0(Native Method)
	at sun.reflect.NativeMethodAccessorImpl.invoke(NativeMethodAccessorImpl.java:57)
	at sun.reflect.DelegatingMethodAccessorImpl.invoke(DelegatingMethodAccessorImpl.java:43)
	at java.lang.reflect.Method.invoke(Method.java:606)
	at org.apache.maven.surefire.util.ReflectionUtils.invokeMethodWithArray(ReflectionUtils.java:164)
	at org.apache.maven.surefire.booter.ProviderFactory$ProviderProxy.invoke(ProviderFactory.java:110)
	at org.apache.maven.surefire.booter.SurefireStarter.invokeProvider(SurefireStarter.java:175)
	at org.apache.maven.surefire.booter.SurefireStarter.runSuitesInProcessWhenForked(SurefireStarter.java:107)
	at org.apache.maven.surefire.booter.ForkedBooter.main(ForkedBooter.java:68)
Caused by: java.lang.ClassNotFoundException: org.apache.log.format.Formatter
	at java.net.URLClassLoader$1.run(URLClassLoader.java:366)
	at java.net.URLClassLoader$1.run(URLClassLoader.java:355)
	at java.security.AccessController.doPrivileged(Native Method)
	at java.net.URLClassLoader.findClass(URLClassLoader.java:354)
	at java.lang.ClassLoader.loadClass(ClassLoader.java:425)
	at sun.misc.Launcher$AppClassLoader.loadClass(Launcher.java:308)
	at java.lang.ClassLoader.loadClass(ClassLoader.java:358)
	... 39 more
2014-04-24 20:11:20,704 - Trying to use logger class org.apache.velocity.runtime.log.Log4JLogChute
2014-04-24 20:11:20,704 - Using logger class org.apache.velocity.runtime.log.Log4JLogChute
2014-04-24 20:11:20,708 - Default ResourceManager initializing. (class org.apache.velocity.runtime.resource.ResourceManagerImpl)
2014-04-24 20:11:20,713 - ResourceLoader instantiated: org.apache.velocity.runtime.resource.loader.FileResourceLoader
2014-04-24 20:11:20,714 - Do unicode file recognition:  false
2014-04-24 20:11:20,714 - FileResourceLoader : adding path '.'
2014-04-24 20:11:20,735 - ResourceCache: initialized (class org.apache.velocity.runtime.resource.ResourceCacheImpl)
2014-04-24 20:11:20,737 - Loaded System Directive: org.apache.velocity.runtime.directive.Literal
2014-04-24 20:11:20,738 - Loaded System Directive: org.apache.velocity.runtime.directive.Macro
2014-04-24 20:11:20,740 - Loaded System Directive: org.apache.velocity.runtime.directive.Parse
2014-04-24 20:11:20,743 - Loaded System Directive: org.apache.velocity.runtime.directive.Include
2014-04-24 20:11:20,744 - Loaded System Directive: org.apache.velocity.runtime.directive.Foreach
2014-04-24 20:11:20,795 - Created '20' parsers.
2014-04-24 20:11:20,803 - Velocimacro : "velocimacro.library" is not set.  Trying default library: VM_global_library.vm
2014-04-24 20:11:20,803 - Velocimacro : Default library not found.
2014-04-24 20:11:20,803 - Velocimacro : allowInline = true : VMs can be defined inline in templates
2014-04-24 20:11:20,803 - Velocimacro : allowInlineToOverride = false : VMs defined inline may NOT replace previous VM definitions
2014-04-24 20:11:20,803 - Velocimacro : allowInlineLocal = false : VMs defined inline will be global in scope if allowed.
2014-04-24 20:11:20,804 - Velocimacro : autoload off : VM system will not automatically reload global library macros
2014-04-24 20:18:24,708 - Log4JLogChute initialized using file 'velocity.log'
2014-04-24 20:18:24,709 - Velocity was not initialized! Calling init()...
2014-04-24 20:18:24,709 - Starting Apache Velocity v1.5 (compiled: 2007-02-22 08:52:29)
2014-04-24 20:18:24,709 - Default Properties File: org/apache/velocity/runtime/defaults/velocity.properties
2014-04-24 20:18:24,709 - Trying to use logger class org.apache.velocity.runtime.log.AvalonLogChute
2014-04-24 20:18:24,710 - Couldn't find class org.apache.velocity.runtime.log.AvalonLogChute or necessary supporting classes in classpath.
java.lang.NoClassDefFoundError: org/apache/log/format/Formatter
	at java.lang.Class.forName0(Native Method)
	at java.lang.Class.forName(Class.java:270)
	at org.apache.velocity.util.ClassUtils.getClass(ClassUtils.java:63)
	at org.apache.velocity.util.ClassUtils.getNewInstance(ClassUtils.java:95)
	at org.apache.velocity.runtime.log.LogManager.createLogChute(LogManager.java:147)
	at org.apache.velocity.runtime.log.LogManager.updateLog(LogManager.java:208)
	at org.apache.velocity.runtime.RuntimeInstance.initializeLog(RuntimeInstance.java:728)
	at org.apache.velocity.runtime.RuntimeInstance.init(RuntimeInstance.java:240)
	at org.apache.velocity.runtime.RuntimeInstance.parse(RuntimeInstance.java:993)
	at org.apache.velocity.runtime.RuntimeInstance.parse(RuntimeInstance.java:972)
	at org.apache.velocity.runtime.RuntimeSingleton.parse(RuntimeSingleton.java:265)
	at org.apache.velocity.app.Velocity.evaluate(Velocity.java:274)
	at uk.commonline.weather.model.WeatherFormatter.format(WeatherFormatter.java:21)
	at uk.commonline.weather.model.yahoo.WeatherFormatterTest.testFormat(WeatherFormatterTest.java:23)
	at sun.reflect.NativeMethodAccessorImpl.invoke0(Native Method)
	at sun.reflect.NativeMethodAccessorImpl.invoke(NativeMethodAccessorImpl.java:57)
	at sun.reflect.DelegatingMethodAccessorImpl.invoke(DelegatingMethodAccessorImpl.java:43)
	at java.lang.reflect.Method.invoke(Method.java:606)
	at junit.framework.TestCase.runTest(TestCase.java:168)
	at junit.framework.TestCase.runBare(TestCase.java:134)
	at junit.framework.TestResult$1.protect(TestResult.java:110)
	at junit.framework.TestResult.runProtected(TestResult.java:128)
	at junit.framework.TestResult.run(TestResult.java:113)
	at junit.framework.TestCase.run(TestCase.java:124)
	at junit.framework.TestSuite.runTest(TestSuite.java:243)
	at junit.framework.TestSuite.run(TestSuite.java:238)
	at org.junit.internal.runners.JUnit38ClassRunner.run(JUnit38ClassRunner.java:83)
	at org.apache.maven.surefire.junit4.JUnit4TestSet.execute(JUnit4TestSet.java:53)
	at org.apache.maven.surefire.junit4.JUnit4Provider.executeTestSet(JUnit4Provider.java:123)
	at org.apache.maven.surefire.junit4.JUnit4Provider.invoke(JUnit4Provider.java:104)
	at sun.reflect.NativeMethodAccessorImpl.invoke0(Native Method)
	at sun.reflect.NativeMethodAccessorImpl.invoke(NativeMethodAccessorImpl.java:57)
	at sun.reflect.DelegatingMethodAccessorImpl.invoke(DelegatingMethodAccessorImpl.java:43)
	at java.lang.reflect.Method.invoke(Method.java:606)
	at org.apache.maven.surefire.util.ReflectionUtils.invokeMethodWithArray(ReflectionUtils.java:164)
	at org.apache.maven.surefire.booter.ProviderFactory$ProviderProxy.invoke(ProviderFactory.java:110)
	at org.apache.maven.surefire.booter.SurefireStarter.invokeProvider(SurefireStarter.java:175)
	at org.apache.maven.surefire.booter.SurefireStarter.runSuitesInProcessWhenForked(SurefireStarter.java:107)
	at org.apache.maven.surefire.booter.ForkedBooter.main(ForkedBooter.java:68)
Caused by: java.lang.ClassNotFoundException: org.apache.log.format.Formatter
	at java.net.URLClassLoader$1.run(URLClassLoader.java:366)
	at java.net.URLClassLoader$1.run(URLClassLoader.java:355)
	at java.security.AccessController.doPrivileged(Native Method)
	at java.net.URLClassLoader.findClass(URLClassLoader.java:354)
	at java.lang.ClassLoader.loadClass(ClassLoader.java:425)
	at sun.misc.Launcher$AppClassLoader.loadClass(Launcher.java:308)
	at java.lang.ClassLoader.loadClass(ClassLoader.java:358)
	... 39 more
2014-04-24 20:18:24,712 - Trying to use logger class org.apache.velocity.runtime.log.Log4JLogChute
2014-04-24 20:18:24,712 - Using logger class org.apache.velocity.runtime.log.Log4JLogChute
2014-04-24 20:18:24,716 - Default ResourceManager initializing. (class org.apache.velocity.runtime.resource.ResourceManagerImpl)
2014-04-24 20:18:24,721 - ResourceLoader instantiated: org.apache.velocity.runtime.resource.loader.FileResourceLoader
2014-04-24 20:18:24,722 - Do unicode file recognition:  false
2014-04-24 20:18:24,722 - FileResourceLoader : adding path '.'
2014-04-24 20:18:24,738 - ResourceCache: initialized (class org.apache.velocity.runtime.resource.ResourceCacheImpl)
2014-04-24 20:18:24,740 - Loaded System Directive: org.apache.velocity.runtime.directive.Literal
2014-04-24 20:18:24,741 - Loaded System Directive: org.apache.velocity.runtime.directive.Macro
2014-04-24 20:18:24,743 - Loaded System Directive: org.apache.velocity.runtime.directive.Parse
2014-04-24 20:18:24,745 - Loaded System Directive: org.apache.velocity.runtime.directive.Include
2014-04-24 20:18:24,746 - Loaded System Directive: org.apache.velocity.runtime.directive.Foreach
2014-04-24 20:18:24,804 - Created '20' parsers.
2014-04-24 20:18:24,812 - Velocimacro : "velocimacro.library" is not set.  Trying default library: VM_global_library.vm
2014-04-24 20:18:24,812 - Velocimacro : Default library not found.
2014-04-24 20:18:24,812 - Velocimacro : allowInline = true : VMs can be defined inline in templates
2014-04-24 20:18:24,812 - Velocimacro : allowInlineToOverride = false : VMs defined inline may NOT replace previous VM definitions
2014-04-24 20:18:24,812 - Velocimacro : allowInlineLocal = false : VMs defined inline will be global in scope if allowed.
2014-04-24 20:18:24,812 - Velocimacro : autoload off : VM system will not automatically reload global library macros
2014-04-24 20:21:24,159 - Log4JLogChute initialized using file 'velocity.log'
2014-04-24 20:21:24,159 - Velocity was not initialized! Calling init()...
2014-04-24 20:21:24,159 - Starting Apache Velocity v1.5 (compiled: 2007-02-22 08:52:29)
2014-04-24 20:21:24,159 - Default Properties File: org/apache/velocity/runtime/defaults/velocity.properties
2014-04-24 20:21:24,159 - Trying to use logger class org.apache.velocity.runtime.log.AvalonLogChute
2014-04-24 20:21:24,161 - Couldn't find class org.apache.velocity.runtime.log.AvalonLogChute or necessary supporting classes in classpath.
java.lang.NoClassDefFoundError: org/apache/log/format/Formatter
	at java.lang.Class.forName0(Native Method)
	at java.lang.Class.forName(Class.java:270)
	at org.apache.velocity.util.ClassUtils.getClass(ClassUtils.java:63)
	at org.apache.velocity.util.ClassUtils.getNewInstance(ClassUtils.java:95)
	at org.apache.velocity.runtime.log.LogManager.createLogChute(LogManager.java:147)
	at org.apache.velocity.runtime.log.LogManager.updateLog(LogManager.java:208)
	at org.apache.velocity.runtime.RuntimeInstance.initializeLog(RuntimeInstance.java:728)
	at org.apache.velocity.runtime.RuntimeInstance.init(RuntimeInstance.java:240)
	at org.apache.velocity.runtime.RuntimeInstance.parse(RuntimeInstance.java:993)
	at org.apache.velocity.runtime.RuntimeInstance.parse(RuntimeInstance.java:972)
	at org.apache.velocity.runtime.RuntimeSingleton.parse(RuntimeSingleton.java:265)
	at org.apache.velocity.app.Velocity.evaluate(Velocity.java:274)
	at uk.commonline.weather.model.WeatherFormatter.format(WeatherFormatter.java:21)
	at uk.commonline.weather.model.yahoo.WeatherFormatterTest.testFormat(WeatherFormatterTest.java:23)
	at sun.reflect.NativeMethodAccessorImpl.invoke0(Native Method)
	at sun.reflect.NativeMethodAccessorImpl.invoke(NativeMethodAccessorImpl.java:57)
	at sun.reflect.DelegatingMethodAccessorImpl.invoke(DelegatingMethodAccessorImpl.java:43)
	at java.lang.reflect.Method.invoke(Method.java:606)
	at junit.framework.TestCase.runTest(TestCase.java:168)
	at junit.framework.TestCase.runBare(TestCase.java:134)
	at junit.framework.TestResult$1.protect(TestResult.java:110)
	at junit.framework.TestResult.runProtected(TestResult.java:128)
	at junit.framework.TestResult.run(TestResult.java:113)
	at junit.framework.TestCase.run(TestCase.java:124)
	at junit.framework.TestSuite.runTest(TestSuite.java:243)
	at junit.framework.TestSuite.run(TestSuite.java:238)
	at org.junit.internal.runners.JUnit38ClassRunner.run(JUnit38ClassRunner.java:83)
	at org.apache.maven.surefire.junit4.JUnit4TestSet.execute(JUnit4TestSet.java:53)
	at org.apache.maven.surefire.junit4.JUnit4Provider.executeTestSet(JUnit4Provider.java:123)
	at org.apache.maven.surefire.junit4.JUnit4Provider.invoke(JUnit4Provider.java:104)
	at sun.reflect.NativeMethodAccessorImpl.invoke0(Native Method)
	at sun.reflect.NativeMethodAccessorImpl.invoke(NativeMethodAccessorImpl.java:57)
	at sun.reflect.DelegatingMethodAccessorImpl.invoke(DelegatingMethodAccessorImpl.java:43)
	at java.lang.reflect.Method.invoke(Method.java:606)
	at org.apache.maven.surefire.util.ReflectionUtils.invokeMethodWithArray(ReflectionUtils.java:164)
	at org.apache.maven.surefire.booter.ProviderFactory$ProviderProxy.invoke(ProviderFactory.java:110)
	at org.apache.maven.surefire.booter.SurefireStarter.invokeProvider(SurefireStarter.java:175)
	at org.apache.maven.surefire.booter.SurefireStarter.runSuitesInProcessWhenForked(SurefireStarter.java:107)
	at org.apache.maven.surefire.booter.ForkedBooter.main(ForkedBooter.java:68)
Caused by: java.lang.ClassNotFoundException: org.apache.log.format.Formatter
	at java.net.URLClassLoader$1.run(URLClassLoader.java:366)
	at java.net.URLClassLoader$1.run(URLClassLoader.java:355)
	at java.security.AccessController.doPrivileged(Native Method)
	at java.net.URLClassLoader.findClass(URLClassLoader.java:354)
	at java.lang.ClassLoader.loadClass(ClassLoader.java:425)
	at sun.misc.Launcher$AppClassLoader.loadClass(Launcher.java:308)
	at java.lang.ClassLoader.loadClass(ClassLoader.java:358)
	... 39 more
2014-04-24 20:21:24,187 - Trying to use logger class org.apache.velocity.runtime.log.Log4JLogChute
2014-04-24 20:21:24,187 - Using logger class org.apache.velocity.runtime.log.Log4JLogChute
2014-04-24 20:21:24,190 - Default ResourceManager initializing. (class org.apache.velocity.runtime.resource.ResourceManagerImpl)
2014-04-24 20:21:24,194 - ResourceLoader instantiated: org.apache.velocity.runtime.resource.loader.FileResourceLoader
2014-04-24 20:21:24,195 - Do unicode file recognition:  false
2014-04-24 20:21:24,195 - FileResourceLoader : adding path '.'
2014-04-24 20:21:24,211 - ResourceCache: initialized (class org.apache.velocity.runtime.resource.ResourceCacheImpl)
2014-04-24 20:21:24,212 - Loaded System Directive: org.apache.velocity.runtime.directive.Literal
2014-04-24 20:21:24,214 - Loaded System Directive: org.apache.velocity.runtime.directive.Macro
2014-04-24 20:21:24,216 - Loaded System Directive: org.apache.velocity.runtime.directive.Parse
2014-04-24 20:21:24,218 - Loaded System Directive: org.apache.velocity.runtime.directive.Include
2014-04-24 20:21:24,219 - Loaded System Directive: org.apache.velocity.runtime.directive.Foreach
2014-04-24 20:21:24,269 - Created '20' parsers.
2014-04-24 20:21:24,276 - Velocimacro : "velocimacro.library" is not set.  Trying default library: VM_global_library.vm
2014-04-24 20:21:24,277 - Velocimacro : Default library not found.
2014-04-24 20:21:24,277 - Velocimacro : allowInline = true : VMs can be defined inline in templates
2014-04-24 20:21:24,277 - Velocimacro : allowInlineToOverride = false : VMs defined inline may NOT replace previous VM definitions
2014-04-24 20:21:24,277 - Velocimacro : allowInlineLocal = false : VMs defined inline will be global in scope if allowed.
2014-04-24 20:21:24,277 - Velocimacro : autoload off : VM system will not automatically reload global library macros
2014-04-24 20:27:30,896 - Log4JLogChute initialized using file 'velocity.log'
2014-04-24 20:27:30,897 - Velocity was not initialized! Calling init()...
2014-04-24 20:27:30,897 - Starting Apache Velocity v1.5 (compiled: 2007-02-22 08:52:29)
2014-04-24 20:27:30,897 - Default Properties File: org/apache/velocity/runtime/defaults/velocity.properties
2014-04-24 20:27:30,897 - Trying to use logger class org.apache.velocity.runtime.log.AvalonLogChute
2014-04-24 20:27:30,899 - Couldn't find class org.apache.velocity.runtime.log.AvalonLogChute or necessary supporting classes in classpath.
java.lang.NoClassDefFoundError: org/apache/log/format/Formatter
	at java.lang.Class.forName0(Native Method)
	at java.lang.Class.forName(Class.java:270)
	at org.apache.velocity.util.ClassUtils.getClass(ClassUtils.java:63)
	at org.apache.velocity.util.ClassUtils.getNewInstance(ClassUtils.java:95)
	at org.apache.velocity.runtime.log.LogManager.createLogChute(LogManager.java:147)
	at org.apache.velocity.runtime.log.LogManager.updateLog(LogManager.java:208)
	at org.apache.velocity.runtime.RuntimeInstance.initializeLog(RuntimeInstance.java:728)
	at org.apache.velocity.runtime.RuntimeInstance.init(RuntimeInstance.java:240)
	at org.apache.velocity.runtime.RuntimeInstance.parse(RuntimeInstance.java:993)
	at org.apache.velocity.runtime.RuntimeInstance.parse(RuntimeInstance.java:972)
	at org.apache.velocity.runtime.RuntimeSingleton.parse(RuntimeSingleton.java:265)
	at org.apache.velocity.app.Velocity.evaluate(Velocity.java:274)
	at uk.commonline.weather.model.WeatherFormatter.format(WeatherFormatter.java:21)
	at uk.commonline.weather.model.yahoo.WeatherFormatterTest.testFormat(WeatherFormatterTest.java:23)
	at sun.reflect.NativeMethodAccessorImpl.invoke0(Native Method)
	at sun.reflect.NativeMethodAccessorImpl.invoke(NativeMethodAccessorImpl.java:57)
	at sun.reflect.DelegatingMethodAccessorImpl.invoke(DelegatingMethodAccessorImpl.java:43)
	at java.lang.reflect.Method.invoke(Method.java:606)
	at junit.framework.TestCase.runTest(TestCase.java:168)
	at junit.framework.TestCase.runBare(TestCase.java:134)
	at junit.framework.TestResult$1.protect(TestResult.java:110)
	at junit.framework.TestResult.runProtected(TestResult.java:128)
	at junit.framework.TestResult.run(TestResult.java:113)
	at junit.framework.TestCase.run(TestCase.java:124)
	at junit.framework.TestSuite.runTest(TestSuite.java:243)
	at junit.framework.TestSuite.run(TestSuite.java:238)
	at org.junit.internal.runners.JUnit38ClassRunner.run(JUnit38ClassRunner.java:83)
	at org.apache.maven.surefire.junit4.JUnit4TestSet.execute(JUnit4TestSet.java:53)
	at org.apache.maven.surefire.junit4.JUnit4Provider.executeTestSet(JUnit4Provider.java:123)
	at org.apache.maven.surefire.junit4.JUnit4Provider.invoke(JUnit4Provider.java:104)
	at sun.reflect.NativeMethodAccessorImpl.invoke0(Native Method)
	at sun.reflect.NativeMethodAccessorImpl.invoke(NativeMethodAccessorImpl.java:57)
	at sun.reflect.DelegatingMethodAccessorImpl.invoke(DelegatingMethodAccessorImpl.java:43)
	at java.lang.reflect.Method.invoke(Method.java:606)
	at org.apache.maven.surefire.util.ReflectionUtils.invokeMethodWithArray(ReflectionUtils.java:164)
	at org.apache.maven.surefire.booter.ProviderFactory$ProviderProxy.invoke(ProviderFactory.java:110)
	at org.apache.maven.surefire.booter.SurefireStarter.invokeProvider(SurefireStarter.java:175)
	at org.apache.maven.surefire.booter.SurefireStarter.runSuitesInProcessWhenForked(SurefireStarter.java:107)
	at org.apache.maven.surefire.booter.ForkedBooter.main(ForkedBooter.java:68)
Caused by: java.lang.ClassNotFoundException: org.apache.log.format.Formatter
	at java.net.URLClassLoader$1.run(URLClassLoader.java:366)
	at java.net.URLClassLoader$1.run(URLClassLoader.java:355)
	at java.security.AccessController.doPrivileged(Native Method)
	at java.net.URLClassLoader.findClass(URLClassLoader.java:354)
	at java.lang.ClassLoader.loadClass(ClassLoader.java:425)
	at sun.misc.Launcher$AppClassLoader.loadClass(Launcher.java:308)
	at java.lang.ClassLoader.loadClass(ClassLoader.java:358)
	... 39 more
2014-04-24 20:27:30,901 - Trying to use logger class org.apache.velocity.runtime.log.Log4JLogChute
2014-04-24 20:27:30,901 - Using logger class org.apache.velocity.runtime.log.Log4JLogChute
2014-04-24 20:27:30,905 - Default ResourceManager initializing. (class org.apache.velocity.runtime.resource.ResourceManagerImpl)
2014-04-24 20:27:30,910 - ResourceLoader instantiated: org.apache.velocity.runtime.resource.loader.FileResourceLoader
2014-04-24 20:27:30,911 - Do unicode file recognition:  false
2014-04-24 20:27:30,911 - FileResourceLoader : adding path '.'
2014-04-24 20:27:30,930 - ResourceCache: initialized (class org.apache.velocity.runtime.resource.ResourceCacheImpl)
2014-04-24 20:27:30,932 - Loaded System Directive: org.apache.velocity.runtime.directive.Literal
2014-04-24 20:27:30,934 - Loaded System Directive: org.apache.velocity.runtime.directive.Macro
2014-04-24 20:27:30,935 - Loaded System Directive: org.apache.velocity.runtime.directive.Parse
2014-04-24 20:27:30,938 - Loaded System Directive: org.apache.velocity.runtime.directive.Include
2014-04-24 20:27:30,939 - Loaded System Directive: org.apache.velocity.runtime.directive.Foreach
2014-04-24 20:27:30,993 - Created '20' parsers.
2014-04-24 20:27:31,001 - Velocimacro : "velocimacro.library" is not set.  Trying default library: VM_global_library.vm
2014-04-24 20:27:31,002 - Velocimacro : Default library not found.
2014-04-24 20:27:31,002 - Velocimacro : allowInline = true : VMs can be defined inline in templates
2014-04-24 20:27:31,002 - Velocimacro : allowInlineToOverride = false : VMs defined inline may NOT replace previous VM definitions
2014-04-24 20:27:31,002 - Velocimacro : allowInlineLocal = false : VMs defined inline will be global in scope if allowed.
2014-04-24 20:27:31,002 - Velocimacro : autoload off : VM system will not automatically reload global library macros
2014-04-24 20:28:45,344 - Log4JLogChute initialized using file 'velocity.log'
2014-04-24 20:28:45,344 - Velocity was not initialized! Calling init()...
2014-04-24 20:28:45,344 - Starting Apache Velocity v1.5 (compiled: 2007-02-22 08:52:29)
2014-04-24 20:28:45,344 - Default Properties File: org/apache/velocity/runtime/defaults/velocity.properties
2014-04-24 20:28:45,344 - Trying to use logger class org.apache.velocity.runtime.log.AvalonLogChute
2014-04-24 20:28:45,346 - Couldn't find class org.apache.velocity.runtime.log.AvalonLogChute or necessary supporting classes in classpath.
java.lang.NoClassDefFoundError: org/apache/log/format/Formatter
	at java.lang.Class.forName0(Native Method)
	at java.lang.Class.forName(Class.java:270)
	at org.apache.velocity.util.ClassUtils.getClass(ClassUtils.java:63)
	at org.apache.velocity.util.ClassUtils.getNewInstance(ClassUtils.java:95)
	at org.apache.velocity.runtime.log.LogManager.createLogChute(LogManager.java:147)
	at org.apache.velocity.runtime.log.LogManager.updateLog(LogManager.java:208)
	at org.apache.velocity.runtime.RuntimeInstance.initializeLog(RuntimeInstance.java:728)
	at org.apache.velocity.runtime.RuntimeInstance.init(RuntimeInstance.java:240)
	at org.apache.velocity.runtime.RuntimeInstance.parse(RuntimeInstance.java:993)
	at org.apache.velocity.runtime.RuntimeInstance.parse(RuntimeInstance.java:972)
	at org.apache.velocity.runtime.RuntimeSingleton.parse(RuntimeSingleton.java:265)
	at org.apache.velocity.app.Velocity.evaluate(Velocity.java:274)
	at uk.commonline.weather.model.WeatherFormatter.format(WeatherFormatter.java:21)
	at uk.commonline.weather.model.yahoo.WeatherFormatterTest.testFormat(WeatherFormatterTest.java:23)
	at sun.reflect.NativeMethodAccessorImpl.invoke0(Native Method)
	at sun.reflect.NativeMethodAccessorImpl.invoke(NativeMethodAccessorImpl.java:57)
	at sun.reflect.DelegatingMethodAccessorImpl.invoke(DelegatingMethodAccessorImpl.java:43)
	at java.lang.reflect.Method.invoke(Method.java:606)
	at junit.framework.TestCase.runTest(TestCase.java:168)
	at junit.framework.TestCase.runBare(TestCase.java:134)
	at junit.framework.TestResult$1.protect(TestResult.java:110)
	at junit.framework.TestResult.runProtected(TestResult.java:128)
	at junit.framework.TestResult.run(TestResult.java:113)
	at junit.framework.TestCase.run(TestCase.java:124)
	at junit.framework.TestSuite.runTest(TestSuite.java:243)
	at junit.framework.TestSuite.run(TestSuite.java:238)
	at org.junit.internal.runners.JUnit38ClassRunner.run(JUnit38ClassRunner.java:83)
	at org.apache.maven.surefire.junit4.JUnit4TestSet.execute(JUnit4TestSet.java:53)
	at org.apache.maven.surefire.junit4.JUnit4Provider.executeTestSet(JUnit4Provider.java:123)
	at org.apache.maven.surefire.junit4.JUnit4Provider.invoke(JUnit4Provider.java:104)
	at sun.reflect.NativeMethodAccessorImpl.invoke0(Native Method)
	at sun.reflect.NativeMethodAccessorImpl.invoke(NativeMethodAccessorImpl.java:57)
	at sun.reflect.DelegatingMethodAccessorImpl.invoke(DelegatingMethodAccessorImpl.java:43)
	at java.lang.reflect.Method.invoke(Method.java:606)
	at org.apache.maven.surefire.util.ReflectionUtils.invokeMethodWithArray(ReflectionUtils.java:164)
	at org.apache.maven.surefire.booter.ProviderFactory$ProviderProxy.invoke(ProviderFactory.java:110)
	at org.apache.maven.surefire.booter.SurefireStarter.invokeProvider(SurefireStarter.java:175)
	at org.apache.maven.surefire.booter.SurefireStarter.runSuitesInProcessWhenForked(SurefireStarter.java:107)
	at org.apache.maven.surefire.booter.ForkedBooter.main(ForkedBooter.java:68)
Caused by: java.lang.ClassNotFoundException: org.apache.log.format.Formatter
	at java.net.URLClassLoader$1.run(URLClassLoader.java:366)
	at java.net.URLClassLoader$1.run(URLClassLoader.java:355)
	at java.security.AccessController.doPrivileged(Native Method)
	at java.net.URLClassLoader.findClass(URLClassLoader.java:354)
	at java.lang.ClassLoader.loadClass(ClassLoader.java:425)
	at sun.misc.Launcher$AppClassLoader.loadClass(Launcher.java:308)
	at java.lang.ClassLoader.loadClass(ClassLoader.java:358)
	... 39 more
2014-04-24 20:28:45,348 - Trying to use logger class org.apache.velocity.runtime.log.Log4JLogChute
2014-04-24 20:28:45,348 - Using logger class org.apache.velocity.runtime.log.Log4JLogChute
2014-04-24 20:28:45,352 - Default ResourceManager initializing. (class org.apache.velocity.runtime.resource.ResourceManagerImpl)
2014-04-24 20:28:45,356 - ResourceLoader instantiated: org.apache.velocity.runtime.resource.loader.FileResourceLoader
2014-04-24 20:28:45,357 - Do unicode file recognition:  false
2014-04-24 20:28:45,358 - FileResourceLoader : adding path '.'
2014-04-24 20:28:45,374 - ResourceCache: initialized (class org.apache.velocity.runtime.resource.ResourceCacheImpl)
2014-04-24 20:28:45,376 - Loaded System Directive: org.apache.velocity.runtime.directive.Literal
2014-04-24 20:28:45,377 - Loaded System Directive: org.apache.velocity.runtime.directive.Macro
2014-04-24 20:28:45,379 - Loaded System Directive: org.apache.velocity.runtime.directive.Parse
2014-04-24 20:28:45,382 - Loaded System Directive: org.apache.velocity.runtime.directive.Include
2014-04-24 20:28:45,383 - Loaded System Directive: org.apache.velocity.runtime.directive.Foreach
2014-04-24 20:28:45,436 - Created '20' parsers.
2014-04-24 20:28:45,443 - Velocimacro : "velocimacro.library" is not set.  Trying default library: VM_global_library.vm
2014-04-24 20:28:45,444 - Velocimacro : Default library not found.
2014-04-24 20:28:45,444 - Velocimacro : allowInline = true : VMs can be defined inline in templates
2014-04-24 20:28:45,444 - Velocimacro : allowInlineToOverride = false : VMs defined inline may NOT replace previous VM definitions
2014-04-24 20:28:45,444 - Velocimacro : allowInlineLocal = false : VMs defined inline will be global in scope if allowed.
2014-04-24 20:28:45,444 - Velocimacro : autoload off : VM system will not automatically reload global library macros
