2014-04-24 20:35:43,325 - Log4JLogChute initialized using file 'velocity.log'
2014-04-24 20:35:43,326 - Velocity was not initialized! Calling init()...
2014-04-24 20:35:43,326 - Starting Apache Velocity v1.5 (compiled: 2007-02-22 08:52:29)
2014-04-24 20:35:43,326 - Default Properties File: org/apache/velocity/runtime/defaults/velocity.properties
2014-04-24 20:35:43,326 - Trying to use logger class org.apache.velocity.runtime.log.AvalonLogChute
2014-04-24 20:35:43,327 - Couldn't find class org.apache.velocity.runtime.log.AvalonLogChute or necessary supporting classes in classpath.
java.lang.NoClassDefFoundError: org/apache/log/format/Formatter
	at java.lang.Class.forName0(Native Method)
	at java.lang.Class.forName(Class.java:270)
	at org.apache.velocity.util.ClassUtils.getClass(ClassUtils.java:63)
	at org.apache.velocity.util.ClassUtils.getNewInstance(ClassUtils.java:95)
	at org.apache.velocity.runtime.log.LogManager.createLogChute(LogManager.java:147)
	at org.apache.velocity.runtime.log.LogManager.updateLog(LogManager.java:208)
	at org.apache.velocity.runtime.RuntimeInstance.initializeLog(RuntimeInstance.java:728)
	at org.apache.velocity.runtime.RuntimeInstance.init(RuntimeInstance.java:240)
	at org.apache.velocity.runtime.RuntimeInstance.parse(RuntimeInstance.java:993)
	at org.apache.velocity.runtime.RuntimeInstance.parse(RuntimeInstance.java:972)
	at org.apache.velocity.runtime.RuntimeSingleton.parse(RuntimeSingleton.java:265)
	at org.apache.velocity.app.Velocity.evaluate(Velocity.java:274)
	at uk.commonline.weather.model.WeatherFormatter.format(WeatherFormatter.java:21)
	at uk.commonline.weather.model.WeatherService.retrieveForecast(WeatherService.java:17)
	at uk.commonline.weather.web.WeatherServlet.doGet(WeatherServlet.java:16)
	at javax.servlet.http.HttpServlet.service(HttpServlet.java:707)
	at javax.servlet.http.HttpServlet.service(HttpServlet.java:820)
	at org.mortbay.jetty.servlet.ServletHolder.handle(ServletHolder.java:487)
	at org.mortbay.jetty.servlet.ServletHandler.handle(ServletHandler.java:362)
	at org.mortbay.jetty.security.SecurityHandler.handle(SecurityHandler.java:216)
	at org.mortbay.jetty.servlet.SessionHandler.handle(SessionHandler.java:181)
	at org.mortbay.jetty.handler.ContextHandler.handle(ContextHandler.java:726)
	at org.mortbay.jetty.webapp.WebAppContext.handle(WebAppContext.java:405)
	at org.mortbay.jetty.handler.ContextHandlerCollection.handle(ContextHandlerCollection.java:206)
	at org.mortbay.jetty.handler.HandlerCollection.handle(HandlerCollection.java:114)
	at org.mortbay.jetty.handler.HandlerWrapper.handle(HandlerWrapper.java:152)
	at org.mortbay.jetty.Server.handle(Server.java:324)
	at org.mortbay.jetty.HttpConnection.handleRequest(HttpConnection.java:505)
	at org.mortbay.jetty.HttpConnection$RequestHandler.headerComplete(HttpConnection.java:828)
	at org.mortbay.jetty.HttpParser.parseNext(HttpParser.java:514)
	at org.mortbay.jetty.HttpParser.parseAvailable(HttpParser.java:211)
	at org.mortbay.jetty.HttpConnection.handle(HttpConnection.java:380)
	at org.mortbay.io.nio.SelectChannelEndPoint.run(SelectChannelEndPoint.java:395)
	at org.mortbay.thread.BoundedThreadPool$PoolThread.run(BoundedThreadPool.java:450)
Caused by: java.lang.ClassNotFoundException: org.apache.log.format.Formatter
	at org.codehaus.plexus.classworlds.strategy.SelfFirstStrategy.loadClass(SelfFirstStrategy.java:50)
	at org.codehaus.plexus.classworlds.realm.ClassRealm.loadClass(ClassRealm.java:244)
	at org.codehaus.plexus.classworlds.realm.ClassRealm.loadClass(ClassRealm.java:230)
	at org.mortbay.jetty.webapp.WebAppClassLoader.loadClass(WebAppClassLoader.java:375)
	at org.mortbay.jetty.webapp.WebAppClassLoader.loadClass(WebAppClassLoader.java:337)
	... 34 more
2014-04-24 20:35:43,329 - Trying to use logger class org.apache.velocity.runtime.log.Log4JLogChute
2014-04-24 20:35:43,329 - Using logger class org.apache.velocity.runtime.log.Log4JLogChute
2014-04-24 20:35:43,331 - Default ResourceManager initializing. (class org.apache.velocity.runtime.resource.ResourceManagerImpl)
2014-04-24 20:35:43,333 - ResourceLoader instantiated: org.apache.velocity.runtime.resource.loader.FileResourceLoader
2014-04-24 20:35:43,334 - Do unicode file recognition:  false
2014-04-24 20:35:43,334 - FileResourceLoader : adding path '.'
2014-04-24 20:35:43,343 - ResourceCache: initialized (class org.apache.velocity.runtime.resource.ResourceCacheImpl)
2014-04-24 20:35:43,344 - Loaded System Directive: org.apache.velocity.runtime.directive.Literal
2014-04-24 20:35:43,345 - Loaded System Directive: org.apache.velocity.runtime.directive.Macro
2014-04-24 20:35:43,346 - Loaded System Directive: org.apache.velocity.runtime.directive.Parse
2014-04-24 20:35:43,347 - Loaded System Directive: org.apache.velocity.runtime.directive.Include
2014-04-24 20:35:43,347 - Loaded System Directive: org.apache.velocity.runtime.directive.Foreach
2014-04-24 20:35:43,369 - Created '20' parsers.
2014-04-24 20:35:43,374 - Velocimacro : "velocimacro.library" is not set.  Trying default library: VM_global_library.vm
2014-04-24 20:35:43,375 - Velocimacro : Default library not found.
2014-04-24 20:35:43,375 - Velocimacro : allowInline = true : VMs can be defined inline in templates
2014-04-24 20:35:43,375 - Velocimacro : allowInlineToOverride = false : VMs defined inline may NOT replace previous VM definitions
2014-04-24 20:35:43,375 - Velocimacro : allowInlineLocal = false : VMs defined inline will be global in scope if allowed.
2014-04-24 20:35:43,375 - Velocimacro : autoload off : VM system will not automatically reload global library macros
