/*C1*/SET SCHEMA PUBLIC
CONNECT USER SA
DISCONNECT
/*C2*/SET SCHEMA PUBLIC
CONNECT USER SA
\u000a    alter table Atmosphere \u000a        drop constraint FK2AF4394290CF96E4
\u000a    alter table Condition \u000a        drop constraint FK441B8CFB90CF96E4
\u000a    alter table Weather \u000a        drop constraint FKAC24CFD41ACFFEE2
\u000a    alter table Wind \u000a        drop constraint FK29242890CF96E4
\u000a    drop table Atmosphere if exists
\u000a    drop table Condition if exists
\u000a    drop table Location if exists
\u000a    drop table Weather if exists
\u000a    drop table Wind if exists
\u000a    create table Atmosphere (\u000a        id integer generated by default as identity (start with 1),\u000a        humidity varchar(255),\u000a        pressure varchar(255),\u000a        rising varchar(255),\u000a        visibility varchar(255),\u000a        weather_id integer not null,\u000a        primary key (id)\u000a    )
\u000a    create table Condition (\u000a        id integer generated by default as identity (start with 1),\u000a        code varchar(255),\u000a        date varchar(255),\u000a        temp varchar(255),\u000a        text varchar(255),\u000a        weather_id integer not null,\u000a        primary key (id)\u000a    )
\u000a    create table Location (\u000a        zip varchar(255) not null,\u000a        city varchar(255),\u000a        country varchar(255),\u000a        region varchar(255),\u000a        primary key (zip)\u000a    )
\u000a    create table Weather (\u000a        id integer generated by default as identity (start with 1),\u000a        date timestamp,\u000a        location_zip varchar(255),\u000a        primary key (id)\u000a    )
\u000a    create table Wind (\u000a        id integer generated by default as identity (start with 1),\u000a        chill varchar(255),\u000a        direction varchar(255),\u000a        speed varchar(255),\u000a        weather_id integer not null,\u000a        primary key (id)\u000a    )
\u000a    alter table Atmosphere \u000a        add constraint FK2AF4394290CF96E4 \u000a        foreign key (weather_id) \u000a        references Weather
\u000a    alter table Condition \u000a        add constraint FK441B8CFB90CF96E4 \u000a        foreign key (weather_id) \u000a        references Weather
\u000a    alter table Weather \u000a        add constraint FKAC24CFD41ACFFEE2 \u000a        foreign key (location_zip) \u000a        references Location
\u000a    alter table Wind \u000a        add constraint FK29242890CF96E4 \u000a        foreign key (weather_id) \u000a        references Weather
DISCONNECT
/*C3*/SET SCHEMA PUBLIC
CONNECT USER SA
DISCONNECT
